<?xml version="1.0" encoding="UTF-8"?>
<testng-results skipped="0" failed="0" ignored="0" total="1" passed="1">
  <reporter-output>
  </reporter-output>
  <suite name="Suite" duration-ms="19448" started-at="2020-02-28T22:18:00Z" finished-at="2020-02-28T22:18:20Z">
    <groups>
    </groups>
    <test name="Test" duration-ms="19448" started-at="2020-02-28T22:18:00Z" finished-at="2020-02-28T22:18:20Z">
      <class name="wells.qlearn.testcases.homePageValidation">
        <test-method status="PASS" signature="setUp()[pri:0, instance:wells.qlearn.testcases.homePageValidation@49e53c76]" name="setUp" is-config="true" duration-ms="26859" started-at="2020-02-28T22:17:33Z" finished-at="2020-02-28T22:18:00Z">
          <reporter-output>
          </reporter-output>
        </test-method> <!-- setUp -->
        <test-method status="PASS" signature="testbed()[pri:0, instance:wells.qlearn.testcases.homePageValidation@49e53c76]" name="testbed" is-config="true" duration-ms="8" started-at="2020-02-28T22:18:00Z" finished-at="2020-02-28T22:18:00Z">
          <reporter-output>
          </reporter-output>
        </test-method> <!-- testbed -->
        <test-method status="PASS" signature="verifyHomePage()[pri:1, instance:wells.qlearn.testcases.homePageValidation@49e53c76]" name="verifyHomePage" duration-ms="19322" started-at="2020-02-28T22:18:00Z" finished-at="2020-02-28T22:18:20Z">
          <reporter-output>
          </reporter-output>
        </test-method> <!-- verifyHomePage -->
      </class> <!-- wells.qlearn.testcases.homePageValidation -->
    </test> <!-- Test -->
  </suite> <!-- Suite -->
</testng-results>
